running egg_info
creating build/first_order_boustrophedon_navigator/first_order_boustrophedon_navigator.egg-info
writing build/first_order_boustrophedon_navigator/first_order_boustrophedon_navigator.egg-info/PKG-INFO
writing dependency_links to build/first_order_boustrophedon_navigator/first_order_boustrophedon_navigator.egg-info/dependency_links.txt
writing entry points to build/first_order_boustrophedon_navigator/first_order_boustrophedon_navigator.egg-info/entry_points.txt
writing requirements to build/first_order_boustrophedon_navigator/first_order_boustrophedon_navigator.egg-info/requires.txt
writing top-level names to build/first_order_boustrophedon_navigator/first_order_boustrophedon_navigator.egg-info/top_level.txt
writing manifest file 'build/first_order_boustrophedon_navigator/first_order_boustrophedon_navigator.egg-info/SOURCES.txt'
reading manifest file 'build/first_order_boustrophedon_navigator/first_order_boustrophedon_navigator.egg-info/SOURCES.txt'
writing manifest file 'build/first_order_boustrophedon_navigator/first_order_boustrophedon_navigator.egg-info/SOURCES.txt'
running build
running build_py
creating /home/ruili/ses598-space-robotics-and-ai-2026/assignments/first_order_boustrophedon_navigator/build/first_order_boustrophedon_navigator/build
creating /home/ruili/ses598-space-robotics-and-ai-2026/assignments/first_order_boustrophedon_navigator/build/first_order_boustrophedon_navigator/build/lib
creating /home/ruili/ses598-space-robotics-and-ai-2026/assignments/first_order_boustrophedon_navigator/build/first_order_boustrophedon_navigator/build/lib/first_order_boustrophedon_navigator
copying first_order_boustrophedon_navigator/__init__.py -> /home/ruili/ses598-space-robotics-and-ai-2026/assignments/first_order_boustrophedon_navigator/build/first_order_boustrophedon_navigator/build/lib/first_order_boustrophedon_navigator
copying first_order_boustrophedon_navigator/boustrophedon_controller.py -> /home/ruili/ses598-space-robotics-and-ai-2026/assignments/first_order_boustrophedon_navigator/build/first_order_boustrophedon_navigator/build/lib/first_order_boustrophedon_navigator
copying first_order_boustrophedon_navigator/boustrophedon_optimizer.py -> /home/ruili/ses598-space-robotics-and-ai-2026/assignments/first_order_boustrophedon_navigator/build/first_order_boustrophedon_navigator/build/lib/first_order_boustrophedon_navigator
running install
running install_lib
creating /home/ruili/ses598-space-robotics-and-ai-2026/assignments/first_order_boustrophedon_navigator/install/first_order_boustrophedon_navigator/lib/python3.12/site-packages/first_order_boustrophedon_navigator
copying /home/ruili/ses598-space-robotics-and-ai-2026/assignments/first_order_boustrophedon_navigator/build/first_order_boustrophedon_navigator/build/lib/first_order_boustrophedon_navigator/__init__.py -> /home/ruili/ses598-space-robotics-and-ai-2026/assignments/first_order_boustrophedon_navigator/install/first_order_boustrophedon_navigator/lib/python3.12/site-packages/first_order_boustrophedon_navigator
copying /home/ruili/ses598-space-robotics-and-ai-2026/assignments/first_order_boustrophedon_navigator/build/first_order_boustrophedon_navigator/build/lib/first_order_boustrophedon_navigator/boustrophedon_controller.py -> /home/ruili/ses598-space-robotics-and-ai-2026/assignments/first_order_boustrophedon_navigator/install/first_order_boustrophedon_navigator/lib/python3.12/site-packages/first_order_boustrophedon_navigator
copying /home/ruili/ses598-space-robotics-and-ai-2026/assignments/first_order_boustrophedon_navigator/build/first_order_boustrophedon_navigator/build/lib/first_order_boustrophedon_navigator/boustrophedon_optimizer.py -> /home/ruili/ses598-space-robotics-and-ai-2026/assignments/first_order_boustrophedon_navigator/install/first_order_boustrophedon_navigator/lib/python3.12/site-packages/first_order_boustrophedon_navigator
byte-compiling /home/ruili/ses598-space-robotics-and-ai-2026/assignments/first_order_boustrophedon_navigator/install/first_order_boustrophedon_navigator/lib/python3.12/site-packages/first_order_boustrophedon_navigator/__init__.py to __init__.cpython-312.pyc
byte-compiling /home/ruili/ses598-space-robotics-and-ai-2026/assignments/first_order_boustrophedon_navigator/install/first_order_boustrophedon_navigator/lib/python3.12/site-packages/first_order_boustrophedon_navigator/boustrophedon_controller.py to boustrophedon_controller.cpython-312.pyc
byte-compiling /home/ruili/ses598-space-robotics-and-ai-2026/assignments/first_order_boustrophedon_navigator/install/first_order_boustrophedon_navigator/lib/python3.12/site-packages/first_order_boustrophedon_navigator/boustrophedon_optimizer.py to boustrophedon_optimizer.cpython-312.pyc
running install_data
creating /home/ruili/ses598-space-robotics-and-ai-2026/assignments/first_order_boustrophedon_navigator/install/first_order_boustrophedon_navigator/share/ament_index
creating /home/ruili/ses598-space-robotics-and-ai-2026/assignments/first_order_boustrophedon_navigator/install/first_order_boustrophedon_navigator/share/ament_index/resource_index
creating /home/ruili/ses598-space-robotics-and-ai-2026/assignments/first_order_boustrophedon_navigator/install/first_order_boustrophedon_navigator/share/ament_index/resource_index/packages
copying resource/first_order_boustrophedon_navigator -> /home/ruili/ses598-space-robotics-and-ai-2026/assignments/first_order_boustrophedon_navigator/install/first_order_boustrophedon_navigator/share/ament_index/resource_index/packages
copying package.xml -> /home/ruili/ses598-space-robotics-and-ai-2026/assignments/first_order_boustrophedon_navigator/install/first_order_boustrophedon_navigator/share/first_order_boustrophedon_navigator
creating /home/ruili/ses598-space-robotics-and-ai-2026/assignments/first_order_boustrophedon_navigator/install/first_order_boustrophedon_navigator/share/first_order_boustrophedon_navigator/launch
copying launch/boustrophedon.launch.py -> /home/ruili/ses598-space-robotics-and-ai-2026/assignments/first_order_boustrophedon_navigator/install/first_order_boustrophedon_navigator/share/first_order_boustrophedon_navigator/launch
creating /home/ruili/ses598-space-robotics-and-ai-2026/assignments/first_order_boustrophedon_navigator/install/first_order_boustrophedon_navigator/lib/first_order_boustrophedon_navigator
copying scripts/boustrophedon_controller -> /home/ruili/ses598-space-robotics-and-ai-2026/assignments/first_order_boustrophedon_navigator/install/first_order_boustrophedon_navigator/lib/first_order_boustrophedon_navigator
creating /home/ruili/ses598-space-robotics-and-ai-2026/assignments/first_order_boustrophedon_navigator/install/first_order_boustrophedon_navigator/share/first_order_boustrophedon_navigator/config
copying config/boustrophedon_params.yaml -> /home/ruili/ses598-space-robotics-and-ai-2026/assignments/first_order_boustrophedon_navigator/install/first_order_boustrophedon_navigator/share/first_order_boustrophedon_navigator/config
running install_egg_info
Copying build/first_order_boustrophedon_navigator/first_order_boustrophedon_navigator.egg-info to /home/ruili/ses598-space-robotics-and-ai-2026/assignments/first_order_boustrophedon_navigator/install/first_order_boustrophedon_navigator/lib/python3.12/site-packages/first_order_boustrophedon_navigator-0.0.0-py3.12.egg-info
running install_scripts
Installing boustrophedon_controller script to /home/ruili/ses598-space-robotics-and-ai-2026/assignments/first_order_boustrophedon_navigator/install/first_order_boustrophedon_navigator/bin
writing list of installed files to '/home/ruili/ses598-space-robotics-and-ai-2026/assignments/first_order_boustrophedon_navigator/build/first_order_boustrophedon_navigator/install.log'
