[0.315s] Invoking command in '/home/ruili/ses598-space-robotics-and-ai-2026/assignments/first_order_boustrophedon_navigator': DEBUGINFOD_URLS=https://debuginfod.ubuntu.com PYTHONPATH=/home/ruili/ses598-space-robotics-and-ai-2026/assignments/first_order_boustrophedon_navigator/build/first_order_boustrophedon_navigator/prefix_override:/usr/lib/python3/dist-packages/colcon_core/task/python/colcon_distutils_commands:/home/ruili/ses598-space-robotics-and-ai-2026/assignments/first_order_boustrophedon_navigator/install/first_order_boustrophedon_navigator/lib/python3.12/site-packages:${PYTHONPATH} /usr/bin/python3 -W ignore:setup.py install is deprecated -W ignore:easy_install command is deprecated setup.py egg_info --egg-base build/first_order_boustrophedon_navigator build --build-base /home/ruili/ses598-space-robotics-and-ai-2026/assignments/first_order_boustrophedon_navigator/build/first_order_boustrophedon_navigator/build install --record /home/ruili/ses598-space-robotics-and-ai-2026/assignments/first_order_boustrophedon_navigator/build/first_order_boustrophedon_navigator/install.log --single-version-externally-managed install_data
[0.408s] running egg_info
[0.408s] creating build/first_order_boustrophedon_navigator/first_order_boustrophedon_navigator.egg-info
[0.414s] writing build/first_order_boustrophedon_navigator/first_order_boustrophedon_navigator.egg-info/PKG-INFO
[0.414s] writing dependency_links to build/first_order_boustrophedon_navigator/first_order_boustrophedon_navigator.egg-info/dependency_links.txt
[0.414s] writing entry points to build/first_order_boustrophedon_navigator/first_order_boustrophedon_navigator.egg-info/entry_points.txt
[0.414s] writing requirements to build/first_order_boustrophedon_navigator/first_order_boustrophedon_navigator.egg-info/requires.txt
[0.414s] writing top-level names to build/first_order_boustrophedon_navigator/first_order_boustrophedon_navigator.egg-info/top_level.txt
[0.414s] writing manifest file 'build/first_order_boustrophedon_navigator/first_order_boustrophedon_navigator.egg-info/SOURCES.txt'
[0.425s] reading manifest file 'build/first_order_boustrophedon_navigator/first_order_boustrophedon_navigator.egg-info/SOURCES.txt'
[0.425s] writing manifest file 'build/first_order_boustrophedon_navigator/first_order_boustrophedon_navigator.egg-info/SOURCES.txt'
[0.426s] running build
[0.426s] running build_py
[0.426s] creating /home/ruili/ses598-space-robotics-and-ai-2026/assignments/first_order_boustrophedon_navigator/build/first_order_boustrophedon_navigator/build
[0.426s] creating /home/ruili/ses598-space-robotics-and-ai-2026/assignments/first_order_boustrophedon_navigator/build/first_order_boustrophedon_navigator/build/lib
[0.426s] creating /home/ruili/ses598-space-robotics-and-ai-2026/assignments/first_order_boustrophedon_navigator/build/first_order_boustrophedon_navigator/build/lib/first_order_boustrophedon_navigator
[0.426s] copying first_order_boustrophedon_navigator/__init__.py -> /home/ruili/ses598-space-robotics-and-ai-2026/assignments/first_order_boustrophedon_navigator/build/first_order_boustrophedon_navigator/build/lib/first_order_boustrophedon_navigator
[0.426s] copying first_order_boustrophedon_navigator/boustrophedon_controller.py -> /home/ruili/ses598-space-robotics-and-ai-2026/assignments/first_order_boustrophedon_navigator/build/first_order_boustrophedon_navigator/build/lib/first_order_boustrophedon_navigator
[0.426s] copying first_order_boustrophedon_navigator/boustrophedon_optimizer.py -> /home/ruili/ses598-space-robotics-and-ai-2026/assignments/first_order_boustrophedon_navigator/build/first_order_boustrophedon_navigator/build/lib/first_order_boustrophedon_navigator
[0.426s] running install
[0.429s] running install_lib
[0.435s] creating /home/ruili/ses598-space-robotics-and-ai-2026/assignments/first_order_boustrophedon_navigator/install/first_order_boustrophedon_navigator/lib/python3.12/site-packages/first_order_boustrophedon_navigator
[0.435s] copying /home/ruili/ses598-space-robotics-and-ai-2026/assignments/first_order_boustrophedon_navigator/build/first_order_boustrophedon_navigator/build/lib/first_order_boustrophedon_navigator/__init__.py -> /home/ruili/ses598-space-robotics-and-ai-2026/assignments/first_order_boustrophedon_navigator/install/first_order_boustrophedon_navigator/lib/python3.12/site-packages/first_order_boustrophedon_navigator
[0.435s] copying /home/ruili/ses598-space-robotics-and-ai-2026/assignments/first_order_boustrophedon_navigator/build/first_order_boustrophedon_navigator/build/lib/first_order_boustrophedon_navigator/boustrophedon_controller.py -> /home/ruili/ses598-space-robotics-and-ai-2026/assignments/first_order_boustrophedon_navigator/install/first_order_boustrophedon_navigator/lib/python3.12/site-packages/first_order_boustrophedon_navigator
[0.435s] copying /home/ruili/ses598-space-robotics-and-ai-2026/assignments/first_order_boustrophedon_navigator/build/first_order_boustrophedon_navigator/build/lib/first_order_boustrophedon_navigator/boustrophedon_optimizer.py -> /home/ruili/ses598-space-robotics-and-ai-2026/assignments/first_order_boustrophedon_navigator/install/first_order_boustrophedon_navigator/lib/python3.12/site-packages/first_order_boustrophedon_navigator
[0.435s] byte-compiling /home/ruili/ses598-space-robotics-and-ai-2026/assignments/first_order_boustrophedon_navigator/install/first_order_boustrophedon_navigator/lib/python3.12/site-packages/first_order_boustrophedon_navigator/__init__.py to __init__.cpython-312.pyc
[0.435s] byte-compiling /home/ruili/ses598-space-robotics-and-ai-2026/assignments/first_order_boustrophedon_navigator/install/first_order_boustrophedon_navigator/lib/python3.12/site-packages/first_order_boustrophedon_navigator/boustrophedon_controller.py to boustrophedon_controller.cpython-312.pyc
[0.437s] byte-compiling /home/ruili/ses598-space-robotics-and-ai-2026/assignments/first_order_boustrophedon_navigator/install/first_order_boustrophedon_navigator/lib/python3.12/site-packages/first_order_boustrophedon_navigator/boustrophedon_optimizer.py to boustrophedon_optimizer.cpython-312.pyc
[0.438s] running install_data
[0.438s] creating /home/ruili/ses598-space-robotics-and-ai-2026/assignments/first_order_boustrophedon_navigator/install/first_order_boustrophedon_navigator/share/ament_index
[0.438s] creating /home/ruili/ses598-space-robotics-and-ai-2026/assignments/first_order_boustrophedon_navigator/install/first_order_boustrophedon_navigator/share/ament_index/resource_index
[0.438s] creating /home/ruili/ses598-space-robotics-and-ai-2026/assignments/first_order_boustrophedon_navigator/install/first_order_boustrophedon_navigator/share/ament_index/resource_index/packages
[0.438s] copying resource/first_order_boustrophedon_navigator -> /home/ruili/ses598-space-robotics-and-ai-2026/assignments/first_order_boustrophedon_navigator/install/first_order_boustrophedon_navigator/share/ament_index/resource_index/packages
[0.438s] copying package.xml -> /home/ruili/ses598-space-robotics-and-ai-2026/assignments/first_order_boustrophedon_navigator/install/first_order_boustrophedon_navigator/share/first_order_boustrophedon_navigator
[0.438s] creating /home/ruili/ses598-space-robotics-and-ai-2026/assignments/first_order_boustrophedon_navigator/install/first_order_boustrophedon_navigator/share/first_order_boustrophedon_navigator/launch
[0.438s] copying launch/boustrophedon.launch.py -> /home/ruili/ses598-space-robotics-and-ai-2026/assignments/first_order_boustrophedon_navigator/install/first_order_boustrophedon_navigator/share/first_order_boustrophedon_navigator/launch
[0.438s] creating /home/ruili/ses598-space-robotics-and-ai-2026/assignments/first_order_boustrophedon_navigator/install/first_order_boustrophedon_navigator/lib/first_order_boustrophedon_navigator
[0.438s] copying scripts/boustrophedon_controller -> /home/ruili/ses598-space-robotics-and-ai-2026/assignments/first_order_boustrophedon_navigator/install/first_order_boustrophedon_navigator/lib/first_order_boustrophedon_navigator
[0.438s] creating /home/ruili/ses598-space-robotics-and-ai-2026/assignments/first_order_boustrophedon_navigator/install/first_order_boustrophedon_navigator/share/first_order_boustrophedon_navigator/config
[0.438s] copying config/boustrophedon_params.yaml -> /home/ruili/ses598-space-robotics-and-ai-2026/assignments/first_order_boustrophedon_navigator/install/first_order_boustrophedon_navigator/share/first_order_boustrophedon_navigator/config
[0.438s] running install_egg_info
[0.445s] Copying build/first_order_boustrophedon_navigator/first_order_boustrophedon_navigator.egg-info to /home/ruili/ses598-space-robotics-and-ai-2026/assignments/first_order_boustrophedon_navigator/install/first_order_boustrophedon_navigator/lib/python3.12/site-packages/first_order_boustrophedon_navigator-0.0.0-py3.12.egg-info
[0.445s] running install_scripts
[0.487s] Installing boustrophedon_controller script to /home/ruili/ses598-space-robotics-and-ai-2026/assignments/first_order_boustrophedon_navigator/install/first_order_boustrophedon_navigator/bin
[0.487s] writing list of installed files to '/home/ruili/ses598-space-robotics-and-ai-2026/assignments/first_order_boustrophedon_navigator/build/first_order_boustrophedon_navigator/install.log'
[0.498s] Invoked command in '/home/ruili/ses598-space-robotics-and-ai-2026/assignments/first_order_boustrophedon_navigator' returned '0': DEBUGINFOD_URLS=https://debuginfod.ubuntu.com PYTHONPATH=/home/ruili/ses598-space-robotics-and-ai-2026/assignments/first_order_boustrophedon_navigator/build/first_order_boustrophedon_navigator/prefix_override:/usr/lib/python3/dist-packages/colcon_core/task/python/colcon_distutils_commands:/home/ruili/ses598-space-robotics-and-ai-2026/assignments/first_order_boustrophedon_navigator/install/first_order_boustrophedon_navigator/lib/python3.12/site-packages:${PYTHONPATH} /usr/bin/python3 -W ignore:setup.py install is deprecated -W ignore:easy_install command is deprecated setup.py egg_info --egg-base build/first_order_boustrophedon_navigator build --build-base /home/ruili/ses598-space-robotics-and-ai-2026/assignments/first_order_boustrophedon_navigator/build/first_order_boustrophedon_navigator/build install --record /home/ruili/ses598-space-robotics-and-ai-2026/assignments/first_order_boustrophedon_navigator/build/first_order_boustrophedon_navigator/install.log --single-version-externally-managed install_data
