running egg_info
writing build/first_order_boustrophedon_navigator/first_order_boustrophedon_navigator.egg-info/PKG-INFO
writing dependency_links to build/first_order_boustrophedon_navigator/first_order_boustrophedon_navigator.egg-info/dependency_links.txt
writing entry points to build/first_order_boustrophedon_navigator/first_order_boustrophedon_navigator.egg-info/entry_points.txt
writing requirements to build/first_order_boustrophedon_navigator/first_order_boustrophedon_navigator.egg-info/requires.txt
writing top-level names to build/first_order_boustrophedon_navigator/first_order_boustrophedon_navigator.egg-info/top_level.txt
reading manifest file 'build/first_order_boustrophedon_navigator/first_order_boustrophedon_navigator.egg-info/SOURCES.txt'
writing manifest file 'build/first_order_boustrophedon_navigator/first_order_boustrophedon_navigator.egg-info/SOURCES.txt'
running build
running build_py
copying first_order_boustrophedon_navigator/boustrophedon_controller.py -> /home/ruili/ses598-space-robotics-and-ai-2026/assignments/first_order_boustrophedon_navigator/build/first_order_boustrophedon_navigator/build/lib/first_order_boustrophedon_navigator
running install
running install_lib
copying /home/ruili/ses598-space-robotics-and-ai-2026/assignments/first_order_boustrophedon_navigator/build/first_order_boustrophedon_navigator/build/lib/first_order_boustrophedon_navigator/boustrophedon_controller.py -> /home/ruili/ses598-space-robotics-and-ai-2026/assignments/first_order_boustrophedon_navigator/install/first_order_boustrophedon_navigator/lib/python3.12/site-packages/first_order_boustrophedon_navigator
byte-compiling /home/ruili/ses598-space-robotics-and-ai-2026/assignments/first_order_boustrophedon_navigator/install/first_order_boustrophedon_navigator/lib/python3.12/site-packages/first_order_boustrophedon_navigator/boustrophedon_controller.py to boustrophedon_controller.cpython-312.pyc
running install_data
running install_egg_info
removing '/home/ruili/ses598-space-robotics-and-ai-2026/assignments/first_order_boustrophedon_navigator/install/first_order_boustrophedon_navigator/lib/python3.12/site-packages/first_order_boustrophedon_navigator-0.0.0-py3.12.egg-info' (and everything under it)
Copying build/first_order_boustrophedon_navigator/first_order_boustrophedon_navigator.egg-info to /home/ruili/ses598-space-robotics-and-ai-2026/assignments/first_order_boustrophedon_navigator/install/first_order_boustrophedon_navigator/lib/python3.12/site-packages/first_order_boustrophedon_navigator-0.0.0-py3.12.egg-info
running install_scripts
Installing boustrophedon_controller script to /home/ruili/ses598-space-robotics-and-ai-2026/assignments/first_order_boustrophedon_navigator/install/first_order_boustrophedon_navigator/bin
writing list of installed files to '/home/ruili/ses598-space-robotics-and-ai-2026/assignments/first_order_boustrophedon_navigator/build/first_order_boustrophedon_navigator/install.log'
